<?xml version="1.0" encoding="UTF-8"?>
<!-- Generated by org.testng.reporters.JUnitXMLReporter -->
<testsuite hostname="Vilyas-MacBook-Air.local" name="createListWithUsedName" tests="4" failures="0" timestamp="28 Apr 2016 08:28:11 GMT" time="53.032" errors="0">
  <testcase name="createListSuccessfully" time="7.685" classname="com.pardot.ListsTestCases"/>
  <testcase name="duplicateListNameWarning" time="11.166" classname="com.pardot.ListsTestCases"/>
  <testcase name="editTheListName" time="9.618" classname="com.pardot.ListsTestCases"/>
  <testcase name="createTheListWithTheUsedName" time="7.853" classname="com.pardot.ListsTestCases"/>
</testsuite> <!-- createListWithUsedName -->
