<?xml version="1.0" encoding="UTF-8"?>
<!-- Generated by org.testng.reporters.JUnitXMLReporter -->
<testsuite hostname="Vilyas-MacBook-Air.local" name="Test2" tests="3" failures="0" timestamp="28 Apr 2016 02:07:05 GMT" time="43.322" errors="0">
  <testcase name="createListSuccessfully" time="10.501" classname="com.pardot.ListsTestCases"/>
  <testcase name="addProspect" time="4.989" classname="com.pardot.ProspectsTestCases"/>
  <testcase name="addListToPrsp" time="16.535" classname="com.pardot.ProspectsTestCases"/>
</testsuite> <!-- Test2 -->
