<?xml version="1.0" encoding="UTF-8"?>
<!-- Generated by org.testng.reporters.JUnitXMLReporter -->
<testsuite hostname="Vilyas-MacBook-Air.local" name="verifyListContainsAddedProspect" tests="2" failures="0" timestamp="28 Apr 2016 08:28:42 GMT" time="30.856" errors="0">
  <testcase name="addProspect" time="3.545" classname="com.pardot.ProspectsTestCases"/>
  <testcase name="addListToPrsp" time="16.873" classname="com.pardot.ProspectsTestCases"/>
</testsuite> <!-- verifyListContainsAddedProspect -->
